# JRE version: OpenJDK Runtime Environment Temurin-17.0.5+8 (17.0.5+8) (build 17.0.5+8)
# Java VM: OpenJDK 64-Bit Server VM Temurin-17.0.5+8 (17.0.5+8, mixed mode, sharing, tiered, compressed oops, compressed class ptrs, parallel gc, windows-amd64)
GC Precious Log:
 CPUs: 8 total, 8 available
 Memory: 16134M
 Large Page Support: Disabled
 NUMA Support: Disabled
 Compressed Oops: Enabled (32-bit)
 Alignments: Space 512K, Generation 512K, Heap 2M
 Heap Min Capacity: 100M
 Heap Initial Capacity: 100M
 Heap Max Capacity: 1G
 Pre-touch: Disabled
 Parallel Workers: 8
Heap:
 PSYoungGen      total 3072K, used 1632K [0x00000000eab00000, 0x00000000eaf00000, 0x0000000100000000)
  eden space 2560K, 43% used [0x00000000eab00000,0x00000000eac18330,0x00000000ead80000)
  from space 512K, 100% used [0x00000000eae80000,0x00000000eaf00000,0x00000000eaf00000)
  to   space 512K, 0% used [0x00000000eae00000,0x00000000eae00000,0x00000000eae80000)
 ParOldGen       total 86016K, used 72623K [0x00000000c0000000, 0x00000000c5400000, 0x00000000eab00000)
  object space 86016K, 84% used [0x00000000c0000000,0x00000000c46ebfa0,0x00000000c5400000)
 Metaspace       used 84363K, committed 85440K, reserved 1130496K
  class space    used 8912K, committed 9408K, reserved 1048576K
GC Heap History (20 events):
Event: 2493.299 GC heap before
{Heap before GC invocations=1984 (full 60):
 PSYoungGen      total 2048K, used 1023K [0x00000000eab00000, 0x00000000eae00000, 0x0000000100000000)
  eden space 1024K, 99% used [0x00000000eab00000,0x00000000eabfffe8,0x00000000eac00000)
  from space 1024K, 0% used [0x00000000ead00000,0x00000000ead00000,0x00000000eae00000)
  to   space 1024K, 0% used [0x00000000eac00000,0x00000000eac00000,0x00000000ead00000)
 ParOldGen       total 86016K, used 68052K [0x00000000c0000000, 0x00000000c5400000, 0x00000000eab00000)
  object space 86016K, 79% used [0x00000000c0000000,0x00000000c4275258,0x00000000c5400000)
 Metaspace       used 83953K, committed 84992K, reserved 1130496K
  class space    used 8856K, committed 9344K, reserved 1048576K
}
Event: 2493.301 GC heap after
{Heap after GC invocations=1984 (full 60):
 PSYoungGen      total 2048K, used 1024K [0x00000000eab00000, 0x00000000eaf80000, 0x0000000100000000)
  eden space 1024K, 0% used [0x00000000eab00000,0x00000000eab00000,0x00000000eac00000)
  from space 1024K, 100% used [0x00000000eac00000,0x00000000ead00000,0x00000000ead00000)
  to   space 1536K, 0% used [0x00000000eae00000,0x00000000eae00000,0x00000000eaf80000)
 ParOldGen       total 86016K, used 68068K [0x00000000c0000000, 0x00000000c5400000, 0x00000000eab00000)
  object space 86016K, 79% used [0x00000000c0000000,0x00000000c4279258,0x00000000c5400000)
 Metaspace       used 83953K, committed 84992K, reserved 1130496K
  class space    used 8856K, committed 9344K, reserved 1048576K
}
Event: 2493.305 GC heap before
{Heap before GC invocations=1985 (full 60):
 PSYoungGen      total 2048K, used 2048K [0x00000000eab00000, 0x00000000eaf80000, 0x0000000100000000)
  eden space 1024K, 100% used [0x00000000eab00000,0x00000000eac00000,0x00000000eac00000)
  from space 1024K, 100% used [0x00000000eac00000,0x00000000ead00000,0x00000000ead00000)
  to   space 1536K, 0% used [0x00000000eae00000,0x00000000eae00000,0x00000000eaf80000)
 ParOldGen       total 86016K, used 68068K [0x00000000c0000000, 0x00000000c5400000, 0x00000000eab00000)
  object space 86016K, 79% used [0x00000000c0000000,0x00000000c4279258,0x00000000c5400000)
 Metaspace       used 83953K, committed 84992K, reserved 1130496K
  class space    used 8856K, committed 9344K, reserved 1048576K
}
Event: 2493.307 GC heap after
{Heap after GC invocations=1985 (full 60):
 PSYoungGen      total 2560K, used 896K [0x00000000eab00000, 0x00000000eaf00000, 0x0000000100000000)
  eden space 1536K, 0% used [0x00000000eab00000,0x00000000eab00000,0x00000000eac80000)
  from space 1024K, 87% used [0x00000000eae00000,0x00000000eaee0000,0x00000000eaf00000)
  to   space 1024K, 0% used [0x00000000ead00000,0x00000000ead00000,0x00000000eae00000)
 ParOldGen       total 86016K, used 69092K [0x00000000c0000000, 0x00000000c5400000, 0x00000000eab00000)
  object space 86016K, 80% used [0x00000000c0000000,0x00000000c4379258,0x00000000c5400000)
 Metaspace       used 83953K, committed 84992K, reserved 1130496K
  class space    used 8856K, committed 9344K, reserved 1048576K
}
Event: 2493.314 GC heap before
{Heap before GC invocations=1986 (full 60):
 PSYoungGen      total 2560K, used 2432K [0x00000000eab00000, 0x00000000eaf00000, 0x0000000100000000)
  eden space 1536K, 100% used [0x00000000eab00000,0x00000000eac80000,0x00000000eac80000)
  from space 1024K, 87% used [0x00000000eae00000,0x00000000eaee0000,0x00000000eaf00000)
  to   space 1024K, 0% used [0x00000000ead00000,0x00000000ead00000,0x00000000eae00000)
 ParOldGen       total 86016K, used 69092K [0x00000000c0000000, 0x00000000c5400000, 0x00000000eab00000)
  object space 86016K, 80% used [0x00000000c0000000,0x00000000c4379258,0x00000000c5400000)
 Metaspace       used 83953K, committed 84992K, reserved 1130496K
  class space    used 8856K, committed 9344K, reserved 1048576K
}
Event: 2493.315 GC heap after
{Heap after GC invocations=1986 (full 60):
 PSYoungGen      total 3072K, used 736K [0x00000000eab00000, 0x00000000eaf00000, 0x0000000100000000)
  eden space 2048K, 0% used [0x00000000eab00000,0x00000000eab00000,0x00000000ead00000)
  from space 1024K, 71% used [0x00000000ead00000,0x00000000eadb8000,0x00000000eae00000)
  to   space 1024K, 0% used [0x00000000eae00000,0x00000000eae00000,0x00000000eaf00000)
 ParOldGen       total 86016K, used 69879K [0x00000000c0000000, 0x00000000c5400000, 0x00000000eab00000)
  object space 86016K, 81% used [0x00000000c0000000,0x00000000c443dfb0,0x00000000c5400000)
 Metaspace       used 83953K, committed 84992K, reserved 1130496K
  class space    used 8856K, committed 9344K, reserved 1048576K
}
Event: 2493.325 GC heap before
{Heap before GC invocations=1987 (full 60):
 PSYoungGen      total 3072K, used 2784K [0x00000000eab00000, 0x00000000eaf00000, 0x0000000100000000)
  eden space 2048K, 100% used [0x00000000eab00000,0x00000000ead00000,0x00000000ead00000)
  from space 1024K, 71% used [0x00000000ead00000,0x00000000eadb8000,0x00000000eae00000)
  to   space 1024K, 0% used [0x00000000eae00000,0x00000000eae00000,0x00000000eaf00000)
 ParOldGen       total 86016K, used 69879K [0x00000000c0000000, 0x00000000c5400000, 0x00000000eab00000)
  object space 86016K, 81% used [0x00000000c0000000,0x00000000c443dfb0,0x00000000c5400000)
 Metaspace       used 83953K, committed 84992K, reserved 1130496K
  class space    used 8856K, committed 9344K, reserved 1048576K
}
Event: 2493.327 GC heap after
{Heap after GC invocations=1987 (full 60):
 PSYoungGen      total 3072K, used 832K [0x00000000eab00000, 0x00000000eaf80000, 0x0000000100000000)
  eden space 2048K, 0% used [0x00000000eab00000,0x00000000eab00000,0x00000000ead00000)
  from space 1024K, 81% used [0x00000000eae00000,0x00000000eaed0000,0x00000000eaf00000)
  to   space 1024K, 0% used [0x00000000ead00000,0x00000000ead00000,0x00000000eae00000)
 ParOldGen       total 86016K, used 70487K [0x00000000c0000000, 0x00000000c5400000, 0x00000000eab00000)
  object space 86016K, 81% used [0x00000000c0000000,0x00000000c44d5ff0,0x00000000c5400000)
 Metaspace       used 83953K, committed 84992K, reserved 1130496K
  class space    used 8856K, committed 9344K, reserved 1048576K
}
Event: 2493.337 GC heap before
{Heap before GC invocations=1988 (full 60):
 PSYoungGen      total 3072K, used 2880K [0x00000000eab00000, 0x00000000eaf80000, 0x0000000100000000)
  eden space 2048K, 100% used [0x00000000eab00000,0x00000000ead00000,0x00000000ead00000)
  from space 1024K, 81% used [0x00000000eae00000,0x00000000eaed0000,0x00000000eaf00000)
  to   space 1024K, 0% used [0x00000000ead00000,0x00000000ead00000,0x00000000eae00000)
 ParOldGen       total 86016K, used 70487K [0x00000000c0000000, 0x00000000c5400000, 0x00000000eab00000)
  object space 86016K, 81% used [0x00000000c0000000,0x00000000c44d5ff0,0x00000000c5400000)
 Metaspace       used 83953K, committed 84992K, reserved 1130496K
  class space    used 8856K, committed 9344K, reserved 1048576K
}
Event: 2493.339 GC heap after
{Heap after GC invocations=1988 (full 60):
 PSYoungGen      total 3072K, used 821K [0x00000000eab00000, 0x00000000eaf80000, 0x0000000100000000)
  eden space 2048K, 0% used [0x00000000eab00000,0x00000000eab00000,0x00000000ead00000)
  from space 1024K, 80% used [0x00000000ead00000,0x00000000eadcd728,0x00000000eae00000)
  to   space 1024K, 0% used [0x00000000eae80000,0x00000000eae80000,0x00000000eaf80000)
 ParOldGen       total 86016K, used 71216K [0x00000000c0000000, 0x00000000c5400000, 0x00000000eab00000)
  object space 86016K, 82% used [0x00000000c0000000,0x00000000c458c1d0,0x00000000c5400000)
 Metaspace       used 83953K, committed 84992K, reserved 1130496K
  class space    used 8856K, committed 9344K, reserved 1048576K
}
Event: 2493.352 GC heap before
{Heap before GC invocations=1989 (full 60):
 PSYoungGen      total 3072K, used 2869K [0x00000000eab00000, 0x00000000eaf80000, 0x0000000100000000)
  eden space 2048K, 100% used [0x00000000eab00000,0x00000000ead00000,0x00000000ead00000)
  from space 1024K, 80% used [0x00000000ead00000,0x00000000eadcd728,0x00000000eae00000)
  to   space 1024K, 0% used [0x00000000eae80000,0x00000000eae80000,0x00000000eaf80000)
 ParOldGen       total 86016K, used 71216K [0x00000000c0000000, 0x00000000c5400000, 0x00000000eab00000)
  object space 86016K, 82% used [0x00000000c0000000,0x00000000c458c1d0,0x00000000c5400000)
 Metaspace       used 83959K, committed 85056K, reserved 1130496K
  class space    used 8856K, committed 9344K, reserved 1048576K
}
Event: 2493.356 GC heap after
{Heap after GC invocations=1989 (full 60):
 PSYoungGen      total 3584K, used 544K [0x00000000eab00000, 0x00000000eaf80000, 0x0000000100000000)
  eden space 2560K, 0% used [0x00000000eab00000,0x00000000eab00000,0x00000000ead80000)
  from space 1024K, 53% used [0x00000000eae80000,0x00000000eaf08000,0x00000000eaf80000)
  to   space 1024K, 0% used [0x00000000ead80000,0x00000000ead80000,0x00000000eae80000)
 ParOldGen       total 86016K, used 71958K [0x00000000c0000000, 0x00000000c5400000, 0x00000000eab00000)
  object space 86016K, 83% used [0x00000000c0000000,0x00000000c4645918,0x00000000c5400000)
 Metaspace       used 83959K, committed 85056K, reserved 1130496K
  class space    used 8856K, committed 9344K, reserved 1048576K
}
Event: 2493.369 GC heap before
{Heap before GC invocations=1990 (full 60):
 PSYoungGen      total 3584K, used 3104K [0x00000000eab00000, 0x00000000eaf80000, 0x0000000100000000)
  eden space 2560K, 100% used [0x00000000eab00000,0x00000000ead80000,0x00000000ead80000)
  from space 1024K, 53% used [0x00000000eae80000,0x00000000eaf08000,0x00000000eaf80000)
  to   space 1024K, 0% used [0x00000000ead80000,0x00000000ead80000,0x00000000eae80000)
 ParOldGen       total 86016K, used 71958K [0x00000000c0000000, 0x00000000c5400000, 0x00000000eab00000)
  object space 86016K, 83% used [0x00000000c0000000,0x00000000c4645918,0x00000000c5400000)
 Metaspace       used 83959K, committed 85056K, reserved 1130496K
  class space    used 8856K, committed 9344K, reserved 1048576K
}
Event: 2493.370 GC heap after
{Heap after GC invocations=1990 (full 60):
 PSYoungGen      total 3584K, used 256K [0x00000000eab00000, 0x00000000eaf00000, 0x0000000100000000)
  eden space 2560K, 0% used [0x00000000eab00000,0x00000000eab00000,0x00000000ead80000)
  from space 1024K, 25% used [0x00000000ead80000,0x00000000eadc0000,0x00000000eae80000)
  to   space 512K, 0% used [0x00000000eae80000,0x00000000eae80000,0x00000000eaf00000)
 ParOldGen       total 86016K, used 72383K [0x00000000c0000000, 0x00000000c5400000, 0x00000000eab00000)
  object space 86016K, 84% used [0x00000000c0000000,0x00000000c46affa0,0x00000000c5400000)
 Metaspace       used 83959K, committed 85056K, reserved 1130496K
  class space    used 8856K, committed 9344K, reserved 1048576K
}
Event: 2791.823 GC heap before
{Heap before GC invocations=1991 (full 60):
 PSYoungGen      total 3584K, used 2815K [0x00000000eab00000, 0x00000000eaf00000, 0x0000000100000000)
  eden space 2560K, 99% used [0x00000000eab00000,0x00000000ead7fe90,0x00000000ead80000)
  from space 1024K, 25% used [0x00000000ead80000,0x00000000eadc0000,0x00000000eae80000)
  to   space 512K, 0% used [0x00000000eae80000,0x00000000eae80000,0x00000000eaf00000)
 ParOldGen       total 86016K, used 72383K [0x00000000c0000000, 0x00000000c5400000, 0x00000000eab00000)
  object space 86016K, 84% used [0x00000000c0000000,0x00000000c46affa0,0x00000000c5400000)
 Metaspace       used 83971K, committed 85056K, reserved 1130496K
  class space    used 8856K, committed 9344K, reserved 1048576K
}
Event: 2791.826 GC heap after
{Heap after GC invocations=1991 (full 60):
 PSYoungGen      total 3072K, used 224K [0x00000000eab00000, 0x00000000eaf00000, 0x0000000100000000)
  eden space 2560K, 0% used [0x00000000eab00000,0x00000000eab00000,0x00000000ead80000)
  from space 512K, 43% used [0x00000000eae80000,0x00000000eaeb8000,0x00000000eaf00000)
  to   space 512K, 0% used [0x00000000eae00000,0x00000000eae00000,0x00000000eae80000)
 ParOldGen       total 86016K, used 72407K [0x00000000c0000000, 0x00000000c5400000, 0x00000000eab00000)
  object space 86016K, 84% used [0x00000000c0000000,0x00000000c46b5fa0,0x00000000c5400000)
 Metaspace       used 83971K, committed 85056K, reserved 1130496K
  class space    used 8856K, committed 9344K, reserved 1048576K
}
Event: 76819.380 GC heap before
{Heap before GC invocations=1992 (full 60):
 PSYoungGen      total 3072K, used 2784K [0x00000000eab00000, 0x00000000eaf00000, 0x0000000100000000)
  eden space 2560K, 100% used [0x00000000eab00000,0x00000000ead80000,0x00000000ead80000)
  from space 512K, 43% used [0x00000000eae80000,0x00000000eaeb8000,0x00000000eaf00000)
  to   space 512K, 0% used [0x00000000eae00000,0x00000000eae00000,0x00000000eae80000)
 ParOldGen       total 86016K, used 72407K [0x00000000c0000000, 0x00000000c5400000, 0x00000000eab00000)
  object space 86016K, 84% used [0x00000000c0000000,0x00000000c46b5fa0,0x00000000c5400000)
 Metaspace       used 84088K, committed 85184K, reserved 1130496K
  class space    used 8875K, committed 9344K, reserved 1048576K
}
Event: 76820.729 GC heap after
{Heap after GC invocations=1992 (full 60):
 PSYoungGen      total 3072K, used 320K [0x00000000eab00000, 0x00000000eaf00000, 0x0000000100000000)
  eden space 2560K, 0% used [0x00000000eab00000,0x00000000eab00000,0x00000000ead80000)
  from space 512K, 62% used [0x00000000eae00000,0x00000000eae50000,0x00000000eae80000)
  to   space 512K, 0% used [0x00000000eae80000,0x00000000eae80000,0x00000000eaf00000)
 ParOldGen       total 86016K, used 72455K [0x00000000c0000000, 0x00000000c5400000, 0x00000000eab00000)
  object space 86016K, 84% used [0x00000000c0000000,0x00000000c46c1fa0,0x00000000c5400000)
 Metaspace       used 84088K, committed 85184K, reserved 1130496K
  class space    used 8875K, committed 9344K, reserved 1048576K
}
Event: 76824.470 GC heap before
{Heap before GC invocations=1993 (full 60):
 PSYoungGen      total 3072K, used 2880K [0x00000000eab00000, 0x00000000eaf00000, 0x0000000100000000)
  eden space 2560K, 100% used [0x00000000eab00000,0x00000000ead80000,0x00000000ead80000)
  from space 512K, 62% used [0x00000000eae00000,0x00000000eae50000,0x00000000eae80000)
  to   space 512K, 0% used [0x00000000eae80000,0x00000000eae80000,0x00000000eaf00000)
 ParOldGen       total 86016K, used 72455K [0x00000000c0000000, 0x00000000c5400000, 0x00000000eab00000)
  object space 86016K, 84% used [0x00000000c0000000,0x00000000c46c1fa0,0x00000000c5400000)
 Metaspace       used 84237K, committed 85376K, reserved 1130496K
  class space    used 8897K, committed 9408K, reserved 1048576K
}
Event: 76824.487 GC heap after
{Heap after GC invocations=1993 (full 60):
 PSYoungGen      total 3072K, used 512K [0x00000000eab00000, 0x00000000eaf00000, 0x0000000100000000)
  eden space 2560K, 0% used [0x00000000eab00000,0x00000000eab00000,0x00000000ead80000)
  from space 512K, 100% used [0x00000000eae80000,0x00000000eaf00000,0x00000000eaf00000)
  to   space 512K, 0% used [0x00000000eae00000,0x00000000eae00000,0x00000000eae80000)
 ParOldGen       total 86016K, used 72623K [0x00000000c0000000, 0x00000000c5400000, 0x00000000eab00000)
  object space 86016K, 84% used [0x00000000c0000000,0x00000000c46ebfa0,0x00000000c5400000)
 Metaspace       used 84237K, committed 85376K, reserved 1130496K
  class space    used 8897K, committed 9408K, reserved 1048576K
}

